2023-06-26 10:38:25,909 INFO o.a.j.u.JMeterUtils: Setting Locale to en_EN
2023-06-26 10:38:25,938 INFO o.a.j.JMeter: Loading user properties from: user.properties
2023-06-26 10:38:25,939 INFO o.a.j.JMeter: Loading system properties from: system.properties
2023-06-26 10:38:25,948 INFO o.a.j.JMeter: Copyright (c) 1998-2022 The Apache Software Foundation
2023-06-26 10:38:25,948 INFO o.a.j.JMeter: Version 5.5
2023-06-26 10:38:25,948 INFO o.a.j.JMeter: java.version=19.0.2
2023-06-26 10:38:25,948 INFO o.a.j.JMeter: java.vm.name=Java HotSpot(TM) 64-Bit Server VM
2023-06-26 10:38:25,948 INFO o.a.j.JMeter: os.name=Windows 11
2023-06-26 10:38:25,949 INFO o.a.j.JMeter: os.arch=amd64
2023-06-26 10:38:25,949 INFO o.a.j.JMeter: os.version=10.0
2023-06-26 10:38:25,949 INFO o.a.j.JMeter: file.encoding=UTF-8
2023-06-26 10:38:25,949 INFO o.a.j.JMeter: java.awt.headless=null
2023-06-26 10:38:25,949 INFO o.a.j.JMeter: Max memory     =1073741824
2023-06-26 10:38:25,949 INFO o.a.j.JMeter: Available Processors =8
2023-06-26 10:38:25,966 INFO o.a.j.JMeter: Default Locale=English (EN)
2023-06-26 10:38:25,966 INFO o.a.j.JMeter: JMeter  Locale=English (EN)
2023-06-26 10:38:25,966 INFO o.a.j.JMeter: JMeterHome=C:\Users\Klaus Bertsch\Documents\GitHub\verteile-systeme-webshop\apache-jmeter-5.5
2023-06-26 10:38:25,966 INFO o.a.j.JMeter: user.dir  =C:\Users\Klaus Bertsch\Documents\GitHub\verteile-systeme-webshop\apache-jmeter-5.5\bin
2023-06-26 10:38:25,967 INFO o.a.j.JMeter: PWD       =C:\Users\Klaus Bertsch\Documents\GitHub\verteile-systeme-webshop\apache-jmeter-5.5\bin
2023-06-26 10:38:25,974 INFO o.a.j.JMeter: IP: 10.172.69.69 Name: LAPTOP-GDL0445A FullName: LAPTOP-GDL0445A
2023-06-26 10:38:25,995 INFO o.a.j.JMeter: Loaded icon properties from org/apache/jmeter/images/icon.properties
2023-06-26 10:38:26,334 INFO o.a.j.JMeterGuiLauncher: Setting LAF to: com.github.weisj.darklaf.DarkLaf:com.github.weisj.darklaf.theme.DarculaTheme
2023-06-26 10:38:38,361 INFO o.a.j.s.FileServer: Default base='C:\Users\Klaus Bertsch\Documents\GitHub\verteile-systeme-webshop\apache-jmeter-5.5\bin'
2023-06-26 10:38:47,941 INFO o.a.j.g.a.Load: Loading file: C:\Users\Klaus Bertsch\Documents\GitHub\verteile-systeme-webshop\apache-jmeter-5.5\bin\testplan\eshop.jmx
2023-06-26 10:38:47,941 INFO o.a.j.s.FileServer: Set new base='C:\Users\Klaus Bertsch\Documents\GitHub\verteile-systeme-webshop\apache-jmeter-5.5\bin\testplan'
2023-06-26 10:38:48,254 INFO o.a.j.s.SaveService: Testplan (JMX) version: 2.2. Testlog (JTL) version: 2.2
2023-06-26 10:38:48,293 INFO o.a.j.s.SaveService: Using SaveService properties version 5.0
2023-06-26 10:38:48,296 INFO o.a.j.s.SaveService: Using SaveService properties file encoding UTF-8
2023-06-26 10:38:48,298 INFO o.a.j.s.SaveService: Loading file: C:\Users\Klaus Bertsch\Documents\GitHub\verteile-systeme-webshop\apache-jmeter-5.5\bin\testplan\eshop.jmx
2023-06-26 10:38:48,330 INFO o.a.j.p.h.s.HTTPSamplerBase: Parser for text/html is org.apache.jmeter.protocol.http.parser.LagartoBasedHtmlParser
2023-06-26 10:38:48,330 INFO o.a.j.p.h.s.HTTPSamplerBase: Parser for application/xhtml+xml is org.apache.jmeter.protocol.http.parser.LagartoBasedHtmlParser
2023-06-26 10:38:48,330 INFO o.a.j.p.h.s.HTTPSamplerBase: Parser for application/xml is org.apache.jmeter.protocol.http.parser.LagartoBasedHtmlParser
2023-06-26 10:38:48,330 INFO o.a.j.p.h.s.HTTPSamplerBase: Parser for text/xml is org.apache.jmeter.protocol.http.parser.LagartoBasedHtmlParser
2023-06-26 10:38:48,330 INFO o.a.j.p.h.s.HTTPSamplerBase: Parser for text/vnd.wap.wml is org.apache.jmeter.protocol.http.parser.RegexpHTMLParser
2023-06-26 10:38:48,330 INFO o.a.j.p.h.s.HTTPSamplerBase: Parser for text/css is org.apache.jmeter.protocol.http.parser.CssParser
2023-06-26 10:38:48,700 INFO o.a.j.s.SampleResult: Note: Sample TimeStamps are START times
2023-06-26 10:38:48,700 INFO o.a.j.s.SampleResult: sampleresult.default.encoding is set to ISO-8859-1
2023-06-26 10:38:48,700 INFO o.a.j.s.SampleResult: sampleresult.useNanoTime=true
2023-06-26 10:38:48,700 INFO o.a.j.s.SampleResult: sampleresult.nanoThreadSleep=5000
2023-06-26 10:38:48,932 INFO o.a.j.v.ViewResultsFullVisualizer: Add JavaFX to your Java installation if you want to use renderer: org.apache.jmeter.visualizers.RenderInBrowser
2023-06-26 10:38:49,146 INFO o.a.j.s.FileServer: Set new base='C:\Users\Klaus Bertsch\Documents\GitHub\verteile-systeme-webshop\apache-jmeter-5.5\bin\testplan'
2023-06-26 10:40:08,991 INFO o.a.j.e.StandardJMeterEngine: Running the test!
2023-06-26 10:40:08,992 INFO o.a.j.s.SampleEvent: List of sample_variables: []
2023-06-26 10:40:08,992 INFO o.a.j.s.SampleEvent: List of sample_variables: []
2023-06-26 10:40:08,994 INFO o.a.j.e.u.CompoundVariable: Note: Function class names must contain the string: '.functions.'
2023-06-26 10:40:08,994 INFO o.a.j.e.u.CompoundVariable: Note: Function class names must not contain the string: '.gui.'
2023-06-26 10:40:09,047 INFO o.a.j.g.u.JMeterMenuBar: setRunning(true, *local*)
2023-06-26 10:40:09,049 INFO o.a.j.e.StandardJMeterEngine: Starting setUp thread groups
2023-06-26 10:40:09,049 INFO o.a.j.e.StandardJMeterEngine: Starting setUp ThreadGroup: 1 : setUp Thread Group 
2023-06-26 10:40:09,049 INFO o.a.j.e.StandardJMeterEngine: Starting 1 threads for group setUp Thread Group.
2023-06-26 10:40:09,049 INFO o.a.j.e.StandardJMeterEngine: Thread will continue on error
2023-06-26 10:40:09,049 INFO o.a.j.t.ThreadGroup: Starting thread group... number=1 threads=1 ramp-up=1 delayedStart=false
2023-06-26 10:40:09,052 INFO o.a.j.t.ThreadGroup: Started thread group number 1
2023-06-26 10:40:09,052 INFO o.a.j.e.StandardJMeterEngine: Waiting for all setup thread groups to exit
2023-06-26 10:40:09,057 INFO o.a.j.t.JMeterThread: Thread started: setUp Thread Group 1-1
2023-06-26 10:40:09,062 INFO o.a.j.s.FileServer: Stored: C:/Users/Klaus Bertsch/Documents/GitHub/verteile-systeme-webshop/apache-jmeter-5.5/bin/testplan/testdata/testproducts.csv
2023-06-26 10:40:09,079 INFO o.a.j.s.FileServer: Stored: C:/Users/Klaus Bertsch/Documents/GitHub/verteile-systeme-webshop/apache-jmeter-5.5/bin/testplan/testdata/categories.csv
2023-06-26 10:40:09,098 INFO o.a.j.p.h.s.HTTPHCAbstractImpl: Local host = LAPTOP-GDL0445A
2023-06-26 10:40:09,120 INFO o.a.j.p.h.s.HTTPHC4Impl: HTTP request retry count = 0
2023-06-26 10:40:12,278 INFO o.a.j.t.JMeterThread: Thread is done: setUp Thread Group 1-1
2023-06-26 10:40:12,278 INFO o.a.j.t.JMeterThread: Thread finished: setUp Thread Group 1-1
2023-06-26 10:40:12,280 INFO o.a.j.e.StandardJMeterEngine: All Setup Threads have ended
2023-06-26 10:40:12,319 INFO o.a.j.e.StandardJMeterEngine: No enabled thread groups found
2023-06-26 10:40:12,321 INFO o.a.j.e.StandardJMeterEngine: Starting tearDown thread groups
2023-06-26 10:40:12,321 INFO o.a.j.e.StandardJMeterEngine: Starting tearDown ThreadGroup: 1 : tearDown Thread Group
2023-06-26 10:40:12,321 INFO o.a.j.e.StandardJMeterEngine: Starting 1 threads for group tearDown Thread Group.
2023-06-26 10:40:12,321 INFO o.a.j.e.StandardJMeterEngine: Thread will continue on error
2023-06-26 10:40:12,321 INFO o.a.j.t.ThreadGroup: Starting thread group... number=1 threads=1 ramp-up=1 delayedStart=false
2023-06-26 10:40:12,322 INFO o.a.j.t.ThreadGroup: Started thread group number 1
2023-06-26 10:40:12,322 INFO o.a.j.t.JMeterThread: Thread started: tearDown Thread Group 1-1
2023-06-26 10:40:12,323 INFO o.a.j.s.FileServer: Stored: C:/Users/User/Projects/Uni/VS/apache-jmeter-5.5/bin/testplan/testdata/categoryIds.csv
2023-06-26 10:40:12,324 ERROR o.a.j.t.JMeterThread: Test failed!
java.lang.IllegalArgumentException: File categoryIds.csv must exist and be readable
	at org.apache.jmeter.services.FileServer.createBufferedReader(FileServer.java:424) ~[ApacheJMeter_core.jar:5.5]
	at org.apache.jmeter.services.FileServer.readLine(FileServer.java:340) ~[ApacheJMeter_core.jar:5.5]
	at org.apache.jmeter.config.CSVDataSet.iterationStart(CSVDataSet.java:182) ~[ApacheJMeter_components.jar:5.5]
	at org.apache.jmeter.control.GenericController.fireIterationStart(GenericController.java:399) ~[ApacheJMeter_core.jar:5.5]
	at org.apache.jmeter.control.GenericController.fireIterEvents(GenericController.java:391) ~[ApacheJMeter_core.jar:5.5]
	at org.apache.jmeter.control.GenericController.next(GenericController.java:160) ~[ApacheJMeter_core.jar:5.5]
	at org.apache.jmeter.control.LoopController.next(LoopController.java:134) ~[ApacheJMeter_core.jar:5.5]
	at org.apache.jmeter.threads.AbstractThreadGroup.next(AbstractThreadGroup.java:99) ~[ApacheJMeter_core.jar:5.5]
	at org.apache.jmeter.threads.JMeterThread.run(JMeterThread.java:266) ~[ApacheJMeter_core.jar:5.5]
	at java.lang.Thread.run(Thread.java:1589) ~[?:?]
2023-06-26 10:40:12,336 INFO o.a.j.t.JMeterThread: Thread finished: tearDown Thread Group 1-1
2023-06-26 10:40:12,336 INFO o.a.j.e.StandardJMeterEngine: Notifying test listeners of end of test
2023-06-26 10:40:12,336 INFO o.a.j.s.FileServer: Close: C:/Users/Klaus Bertsch/Documents/GitHub/verteile-systeme-webshop/apache-jmeter-5.5/bin/testplan/testdata/categories.csv
2023-06-26 10:40:12,338 INFO o.a.j.s.FileServer: Close: C:/Users/Klaus Bertsch/Documents/GitHub/verteile-systeme-webshop/apache-jmeter-5.5/bin/testplan/testdata/testproducts.csv
2023-06-26 10:40:12,339 INFO o.a.j.g.u.JMeterMenuBar: setRunning(false, *local*)
2023-06-26 10:42:13,671 INFO o.a.j.e.StandardJMeterEngine: Running the test!
2023-06-26 10:42:13,672 INFO o.a.j.s.SampleEvent: List of sample_variables: []
2023-06-26 10:42:13,674 INFO o.a.j.g.u.JMeterMenuBar: setRunning(true, *local*)
2023-06-26 10:42:13,675 INFO o.a.j.e.StandardJMeterEngine: Starting setUp thread groups
2023-06-26 10:42:13,675 INFO o.a.j.e.StandardJMeterEngine: Starting setUp ThreadGroup: 1 : setUp Thread Group 
2023-06-26 10:42:13,675 INFO o.a.j.e.StandardJMeterEngine: Starting 100 threads for group setUp Thread Group.
2023-06-26 10:42:13,675 INFO o.a.j.e.StandardJMeterEngine: Thread will continue on error
2023-06-26 10:42:13,676 INFO o.a.j.t.ThreadGroup: Starting thread group... number=1 threads=100 ramp-up=1 delayedStart=false
2023-06-26 10:42:13,679 INFO o.a.j.t.JMeterThread: Thread started: setUp Thread Group 1-1
2023-06-26 10:42:13,680 INFO o.a.j.s.FileServer: Stored: C:/Users/Klaus Bertsch/Documents/GitHub/verteile-systeme-webshop/apache-jmeter-5.5/bin/testplan/testdata/testproducts.csv
2023-06-26 10:42:13,682 INFO o.a.j.s.FileServer: Stored: C:/Users/Klaus Bertsch/Documents/GitHub/verteile-systeme-webshop/apache-jmeter-5.5/bin/testplan/testdata/categories.csv
2023-06-26 10:42:13,711 INFO o.a.j.t.JMeterThread: Thread started: setUp Thread Group 1-3
2023-06-26 10:42:13,716 INFO o.a.j.t.ThreadGroup: Started thread group number 1
2023-06-26 10:42:13,717 INFO o.a.j.e.StandardJMeterEngine: Waiting for all setup thread groups to exit
2023-06-26 10:42:13,720 INFO o.a.j.t.JMeterThread: Thread started: setUp Thread Group 1-4
2023-06-26 10:42:13,730 INFO o.a.j.t.JMeterThread: Thread started: setUp Thread Group 1-2
2023-06-26 10:42:13,749 INFO o.a.j.t.JMeterThread: Thread started: setUp Thread Group 1-7
2023-06-26 10:42:13,759 INFO o.a.j.t.JMeterThread: Thread started: setUp Thread Group 1-8
2023-06-26 10:42:13,787 INFO o.a.j.t.JMeterThread: Thread started: setUp Thread Group 1-5
2023-06-26 10:42:13,788 INFO o.a.j.t.JMeterThread: Thread started: setUp Thread Group 1-11
2023-06-26 10:42:13,798 INFO o.a.j.t.JMeterThread: Thread started: setUp Thread Group 1-12
2023-06-26 10:42:13,801 INFO o.a.j.t.JMeterThread: Thread started: setUp Thread Group 1-6
2023-06-26 10:42:13,829 INFO o.a.j.t.JMeterThread: Thread started: setUp Thread Group 1-15
2023-06-26 10:42:13,836 INFO o.a.j.t.JMeterThread: Thread started: setUp Thread Group 1-9
2023-06-26 10:42:13,839 INFO o.a.j.t.JMeterThread: Thread started: setUp Thread Group 1-16
2023-06-26 10:42:13,842 INFO o.a.j.t.JMeterThread: Thread started: setUp Thread Group 1-10
2023-06-26 10:42:13,870 INFO o.a.j.t.JMeterThread: Thread started: setUp Thread Group 1-18
2023-06-26 10:42:13,873 INFO o.a.j.t.JMeterThread: Thread started: setUp Thread Group 1-13
2023-06-26 10:42:13,882 INFO o.a.j.t.JMeterThread: Thread started: setUp Thread Group 1-14
2023-06-26 10:42:13,892 INFO o.a.j.t.JMeterThread: Thread started: setUp Thread Group 1-19
2023-06-26 10:42:13,910 INFO o.a.j.t.JMeterThread: Thread started: setUp Thread Group 1-17
2023-06-26 10:42:13,938 INFO o.a.j.t.JMeterThread: Thread started: setUp Thread Group 1-22
2023-06-26 10:42:13,944 INFO o.a.j.t.JMeterThread: Thread started: setUp Thread Group 1-20
2023-06-26 10:42:13,946 INFO o.a.j.t.JMeterThread: Thread started: setUp Thread Group 1-23
2023-06-26 10:42:13,952 INFO o.a.j.t.JMeterThread: Thread started: setUp Thread Group 1-21
2023-06-26 10:42:13,977 INFO o.a.j.t.JMeterThread: Thread started: setUp Thread Group 1-26
2023-06-26 10:42:13,980 INFO o.a.j.t.JMeterThread: Thread started: setUp Thread Group 1-24
2023-06-26 10:42:13,995 INFO o.a.j.t.JMeterThread: Thread started: setUp Thread Group 1-27
2023-06-26 10:42:13,995 INFO o.a.j.t.JMeterThread: Thread started: setUp Thread Group 1-25
2023-06-26 10:42:14,026 INFO o.a.j.t.JMeterThread: Thread started: setUp Thread Group 1-28
2023-06-26 10:42:14,036 INFO o.a.j.t.JMeterThread: Thread started: setUp Thread Group 1-30
2023-06-26 10:42:14,040 INFO o.a.j.t.JMeterThread: Thread started: setUp Thread Group 1-29
2023-06-26 10:42:14,059 INFO o.a.j.t.JMeterThread: Thread started: setUp Thread Group 1-31
2023-06-26 10:42:14,069 INFO o.a.j.t.JMeterThread: Thread started: setUp Thread Group 1-32
2023-06-26 10:42:14,078 INFO o.a.j.t.JMeterThread: Thread started: setUp Thread Group 1-33
2023-06-26 10:42:14,088 INFO o.a.j.t.JMeterThread: Thread started: setUp Thread Group 1-34
2023-06-26 10:42:14,098 INFO o.a.j.t.JMeterThread: Thread started: setUp Thread Group 1-35
2023-06-26 10:42:14,107 INFO o.a.j.t.JMeterThread: Thread started: setUp Thread Group 1-36
2023-06-26 10:42:14,117 INFO o.a.j.t.JMeterThread: Thread started: setUp Thread Group 1-37
2023-06-26 10:42:14,128 INFO o.a.j.t.JMeterThread: Thread started: setUp Thread Group 1-38
2023-06-26 10:42:14,141 INFO o.a.j.t.JMeterThread: Thread started: setUp Thread Group 1-39
2023-06-26 10:42:14,148 INFO o.a.j.t.JMeterThread: Thread started: setUp Thread Group 1-40
2023-06-26 10:42:14,158 INFO o.a.j.t.JMeterThread: Thread started: setUp Thread Group 1-41
2023-06-26 10:42:14,167 INFO o.a.j.t.JMeterThread: Thread started: setUp Thread Group 1-42
2023-06-26 10:42:14,177 INFO o.a.j.t.JMeterThread: Thread started: setUp Thread Group 1-43
2023-06-26 10:42:14,187 INFO o.a.j.t.JMeterThread: Thread started: setUp Thread Group 1-44
2023-06-26 10:42:14,196 INFO o.a.j.t.JMeterThread: Thread started: setUp Thread Group 1-45
2023-06-26 10:42:14,207 INFO o.a.j.t.JMeterThread: Thread started: setUp Thread Group 1-46
2023-06-26 10:42:14,219 INFO o.a.j.t.JMeterThread: Thread started: setUp Thread Group 1-47
2023-06-26 10:42:14,230 INFO o.a.j.t.JMeterThread: Thread started: setUp Thread Group 1-48
2023-06-26 10:42:14,235 INFO o.a.j.t.JMeterThread: Thread started: setUp Thread Group 1-49
2023-06-26 10:42:14,246 INFO o.a.j.t.JMeterThread: Thread started: setUp Thread Group 1-50
2023-06-26 10:42:14,258 INFO o.a.j.t.JMeterThread: Thread started: setUp Thread Group 1-51
2023-06-26 10:42:14,271 INFO o.a.j.t.JMeterThread: Thread started: setUp Thread Group 1-52
2023-06-26 10:42:14,274 INFO o.a.j.t.JMeterThread: Thread started: setUp Thread Group 1-53
2023-06-26 10:42:14,283 INFO o.a.j.t.JMeterThread: Thread started: setUp Thread Group 1-54
2023-06-26 10:42:14,298 INFO o.a.j.t.JMeterThread: Thread started: setUp Thread Group 1-55
2023-06-26 10:42:14,310 INFO o.a.j.t.JMeterThread: Thread started: setUp Thread Group 1-56
2023-06-26 10:42:14,313 INFO o.a.j.t.JMeterThread: Thread started: setUp Thread Group 1-57
2023-06-26 10:42:14,322 INFO o.a.j.t.JMeterThread: Thread started: setUp Thread Group 1-58
2023-06-26 10:42:14,338 INFO o.a.j.t.JMeterThread: Thread started: setUp Thread Group 1-59
2023-06-26 10:42:14,352 INFO o.a.j.t.JMeterThread: Thread started: setUp Thread Group 1-61
2023-06-26 10:42:14,357 INFO o.a.j.t.JMeterThread: Thread started: setUp Thread Group 1-60
2023-06-26 10:42:14,362 INFO o.a.j.t.JMeterThread: Thread started: setUp Thread Group 1-62
2023-06-26 10:42:14,390 INFO o.a.j.t.JMeterThread: Thread started: setUp Thread Group 1-63
2023-06-26 10:42:14,403 INFO o.a.j.t.JMeterThread: Thread started: setUp Thread Group 1-65
2023-06-26 10:42:14,419 INFO o.a.j.t.JMeterThread: Thread started: setUp Thread Group 1-66
2023-06-26 10:42:14,426 INFO o.a.j.t.JMeterThread: Thread started: setUp Thread Group 1-64
2023-06-26 10:42:14,437 INFO o.a.j.t.JMeterThread: Thread started: setUp Thread Group 1-67
2023-06-26 10:42:14,451 INFO o.a.j.t.JMeterThread: Thread started: setUp Thread Group 1-69
2023-06-26 10:42:14,462 INFO o.a.j.t.JMeterThread: Thread started: setUp Thread Group 1-70
2023-06-26 10:42:14,460 INFO o.a.j.t.JMeterThread: Thread started: setUp Thread Group 1-68
2023-06-26 10:42:14,491 INFO o.a.j.t.JMeterThread: Thread started: setUp Thread Group 1-71
2023-06-26 10:42:14,494 INFO o.a.j.t.JMeterThread: Thread started: setUp Thread Group 1-73
2023-06-26 10:42:14,502 INFO o.a.j.t.JMeterThread: Thread started: setUp Thread Group 1-72
2023-06-26 10:42:14,519 INFO o.a.j.t.JMeterThread: Thread started: setUp Thread Group 1-74
2023-06-26 10:42:14,548 INFO o.a.j.t.JMeterThread: Thread started: setUp Thread Group 1-77
2023-06-26 10:42:14,546 INFO o.a.j.t.JMeterThread: Thread started: setUp Thread Group 1-75
2023-06-26 10:42:14,558 INFO o.a.j.t.JMeterThread: Thread started: setUp Thread Group 1-78
2023-06-26 10:42:14,586 INFO o.a.j.t.JMeterThread: Thread started: setUp Thread Group 1-81
2023-06-26 10:42:14,595 INFO o.a.j.t.JMeterThread: Thread started: setUp Thread Group 1-76
2023-06-26 10:42:14,598 INFO o.a.j.t.JMeterThread: Thread started: setUp Thread Group 1-82
2023-06-26 10:42:14,618 INFO o.a.j.t.JMeterThread: Thread started: setUp Thread Group 1-79
2023-06-26 10:42:14,637 INFO o.a.j.t.JMeterThread: Thread started: setUp Thread Group 1-80
2023-06-26 10:42:14,664 INFO o.a.j.t.JMeterThread: Thread started: setUp Thread Group 1-83
2023-06-26 10:42:14,685 INFO o.a.j.t.JMeterThread: Thread started: setUp Thread Group 1-85
2023-06-26 10:42:14,696 INFO o.a.j.t.JMeterThread: Thread started: setUp Thread Group 1-86
2023-06-26 10:42:14,714 INFO o.a.j.t.JMeterThread: Thread started: setUp Thread Group 1-84
2023-06-26 10:42:14,717 INFO o.a.j.t.JMeterThread: Thread started: setUp Thread Group 1-87
2023-06-26 10:42:14,726 INFO o.a.j.t.JMeterThread: Thread started: setUp Thread Group 1-89
2023-06-26 10:42:14,734 INFO o.a.j.t.JMeterThread: Thread started: setUp Thread Group 1-88
2023-06-26 10:42:14,736 INFO o.a.j.t.JMeterThread: Thread started: setUp Thread Group 1-90
2023-06-26 10:42:14,754 INFO o.a.j.t.JMeterThread: Thread started: setUp Thread Group 1-91
2023-06-26 10:42:14,764 INFO o.a.j.t.JMeterThread: Thread started: setUp Thread Group 1-92
2023-06-26 10:42:14,764 INFO o.a.j.t.JMeterThread: Thread started: setUp Thread Group 1-93
2023-06-26 10:42:14,774 INFO o.a.j.t.JMeterThread: Thread started: setUp Thread Group 1-94
2023-06-26 10:42:14,803 INFO o.a.j.t.JMeterThread: Thread started: setUp Thread Group 1-97
2023-06-26 10:42:14,805 INFO o.a.j.t.JMeterThread: Thread started: setUp Thread Group 1-95
2023-06-26 10:42:14,812 INFO o.a.j.t.JMeterThread: Thread started: setUp Thread Group 1-96
2023-06-26 10:42:14,813 INFO o.a.j.t.JMeterThread: Thread started: setUp Thread Group 1-98
2023-06-26 10:42:14,832 INFO o.a.j.t.JMeterThread: Thread started: setUp Thread Group 1-99
2023-06-26 10:42:14,843 INFO o.a.j.t.JMeterThread: Thread started: setUp Thread Group 1-100
2023-06-26 10:42:16,455 INFO o.a.j.t.JMeterThread: Thread is done: setUp Thread Group 1-98
2023-06-26 10:42:16,455 INFO o.a.j.t.JMeterThread: Thread is done: setUp Thread Group 1-99
2023-06-26 10:42:16,455 INFO o.a.j.t.JMeterThread: Thread finished: setUp Thread Group 1-98
2023-06-26 10:42:16,455 INFO o.a.j.t.JMeterThread: Thread is done: setUp Thread Group 1-100
2023-06-26 10:42:16,456 INFO o.a.j.t.JMeterThread: Thread finished: setUp Thread Group 1-100
2023-06-26 10:42:16,456 INFO o.a.j.t.JMeterThread: Thread finished: setUp Thread Group 1-99
2023-06-26 10:42:16,473 INFO o.a.j.t.JMeterThread: Thread is done: setUp Thread Group 1-96
2023-06-26 10:42:16,473 INFO o.a.j.t.JMeterThread: Thread finished: setUp Thread Group 1-96
2023-06-26 10:42:46,989 INFO o.a.j.t.JMeterThread: Thread is done: setUp Thread Group 1-39
2023-06-26 10:42:46,989 INFO o.a.j.t.JMeterThread: Thread finished: setUp Thread Group 1-39
2023-06-26 10:42:46,990 INFO o.a.j.t.JMeterThread: Thread is done: setUp Thread Group 1-50
2023-06-26 10:42:46,990 INFO o.a.j.t.JMeterThread: Thread is done: setUp Thread Group 1-46
2023-06-26 10:42:46,990 INFO o.a.j.t.JMeterThread: Thread finished: setUp Thread Group 1-50
2023-06-26 10:42:46,990 INFO o.a.j.t.JMeterThread: Thread finished: setUp Thread Group 1-46
2023-06-26 10:42:46,990 INFO o.a.j.t.JMeterThread: Thread is done: setUp Thread Group 1-59
2023-06-26 10:42:46,990 INFO o.a.j.t.JMeterThread: Thread is done: setUp Thread Group 1-56
2023-06-26 10:42:46,990 INFO o.a.j.t.JMeterThread: Thread is done: setUp Thread Group 1-66
2023-06-26 10:42:46,990 INFO o.a.j.t.JMeterThread: Thread is done: setUp Thread Group 1-13
2023-06-26 10:42:46,990 INFO o.a.j.t.JMeterThread: Thread finished: setUp Thread Group 1-59
2023-06-26 10:42:46,990 INFO o.a.j.t.JMeterThread: Thread finished: setUp Thread Group 1-66
2023-06-26 10:42:46,990 INFO o.a.j.t.JMeterThread: Thread finished: setUp Thread Group 1-56
2023-06-26 10:42:46,990 INFO o.a.j.t.JMeterThread: Thread finished: setUp Thread Group 1-13
2023-06-26 10:42:46,991 INFO o.a.j.t.JMeterThread: Thread is done: setUp Thread Group 1-81
2023-06-26 10:42:46,991 INFO o.a.j.t.JMeterThread: Thread finished: setUp Thread Group 1-81
2023-06-26 10:42:46,993 INFO o.a.j.t.JMeterThread: Thread is done: setUp Thread Group 1-48
2023-06-26 10:42:46,993 INFO o.a.j.t.JMeterThread: Thread finished: setUp Thread Group 1-48
2023-06-26 10:42:47,002 INFO o.a.j.t.JMeterThread: Thread is done: setUp Thread Group 1-12
2023-06-26 10:42:47,003 INFO o.a.j.t.JMeterThread: Thread finished: setUp Thread Group 1-12
2023-06-26 10:42:47,003 INFO o.a.j.t.JMeterThread: Thread is done: setUp Thread Group 1-84
2023-06-26 10:42:47,003 INFO o.a.j.t.JMeterThread: Thread finished: setUp Thread Group 1-84
2023-06-26 10:42:47,003 INFO o.a.j.t.JMeterThread: Thread is done: setUp Thread Group 1-25
2023-06-26 10:42:47,004 INFO o.a.j.t.JMeterThread: Thread finished: setUp Thread Group 1-25
2023-06-26 10:42:47,004 INFO o.a.j.t.JMeterThread: Thread is done: setUp Thread Group 1-93
2023-06-26 10:42:47,004 INFO o.a.j.t.JMeterThread: Thread finished: setUp Thread Group 1-93
2023-06-26 10:42:47,006 INFO o.a.j.t.JMeterThread: Thread is done: setUp Thread Group 1-97
2023-06-26 10:42:47,006 INFO o.a.j.t.JMeterThread: Thread finished: setUp Thread Group 1-97
2023-06-26 10:42:47,006 INFO o.a.j.t.JMeterThread: Thread is done: setUp Thread Group 1-78
2023-06-26 10:42:47,006 INFO o.a.j.t.JMeterThread: Thread finished: setUp Thread Group 1-78
2023-06-26 10:42:47,006 INFO o.a.j.t.JMeterThread: Thread is done: setUp Thread Group 1-34
2023-06-26 10:42:47,007 INFO o.a.j.t.JMeterThread: Thread finished: setUp Thread Group 1-34
2023-06-26 10:42:47,007 INFO o.a.j.t.JMeterThread: Thread is done: setUp Thread Group 1-42
2023-06-26 10:42:47,007 INFO o.a.j.t.JMeterThread: Thread finished: setUp Thread Group 1-42
2023-06-26 10:42:47,007 INFO o.a.j.t.JMeterThread: Thread is done: setUp Thread Group 1-9
2023-06-26 10:42:47,008 INFO o.a.j.t.JMeterThread: Thread finished: setUp Thread Group 1-9
2023-06-26 10:42:47,008 INFO o.a.j.t.JMeterThread: Thread is done: setUp Thread Group 1-61
2023-06-26 10:42:47,008 INFO o.a.j.t.JMeterThread: Thread finished: setUp Thread Group 1-61
2023-06-26 10:42:47,008 INFO o.a.j.t.JMeterThread: Thread is done: setUp Thread Group 1-35
2023-06-26 10:42:47,008 INFO o.a.j.t.JMeterThread: Thread finished: setUp Thread Group 1-35
2023-06-26 10:42:47,009 INFO o.a.j.t.JMeterThread: Thread is done: setUp Thread Group 1-8
2023-06-26 10:42:47,009 INFO o.a.j.t.JMeterThread: Thread finished: setUp Thread Group 1-8
2023-06-26 10:42:47,009 INFO o.a.j.t.JMeterThread: Thread is done: setUp Thread Group 1-19
2023-06-26 10:42:47,009 INFO o.a.j.t.JMeterThread: Thread finished: setUp Thread Group 1-19
2023-06-26 10:42:47,011 INFO o.a.j.t.JMeterThread: Thread is done: setUp Thread Group 1-30
2023-06-26 10:42:47,011 INFO o.a.j.t.JMeterThread: Thread finished: setUp Thread Group 1-30
2023-06-26 10:42:47,011 INFO o.a.j.t.JMeterThread: Thread is done: setUp Thread Group 1-36
2023-06-26 10:42:47,011 INFO o.a.j.t.JMeterThread: Thread finished: setUp Thread Group 1-36
2023-06-26 10:42:47,011 INFO o.a.j.t.JMeterThread: Thread is done: setUp Thread Group 1-54
2023-06-26 10:42:47,011 INFO o.a.j.t.JMeterThread: Thread finished: setUp Thread Group 1-54
2023-06-26 10:42:47,007 INFO o.a.j.t.JMeterThread: Thread is done: setUp Thread Group 1-51
2023-06-26 10:42:47,011 INFO o.a.j.t.JMeterThread: Thread finished: setUp Thread Group 1-51
2023-06-26 10:42:47,013 INFO o.a.j.t.JMeterThread: Thread is done: setUp Thread Group 1-68
2023-06-26 10:42:47,014 INFO o.a.j.t.JMeterThread: Thread finished: setUp Thread Group 1-68
2023-06-26 10:42:47,014 INFO o.a.j.t.JMeterThread: Thread is done: setUp Thread Group 1-14
2023-06-26 10:42:47,014 INFO o.a.j.t.JMeterThread: Thread finished: setUp Thread Group 1-14
2023-06-26 10:42:47,020 INFO o.a.j.t.JMeterThread: Thread is done: setUp Thread Group 1-80
2023-06-26 10:42:47,020 INFO o.a.j.t.JMeterThread: Thread finished: setUp Thread Group 1-80
2023-06-26 10:42:47,022 INFO o.a.j.t.JMeterThread: Thread is done: setUp Thread Group 1-21
2023-06-26 10:42:47,022 INFO o.a.j.t.JMeterThread: Thread finished: setUp Thread Group 1-21
2023-06-26 10:42:47,027 INFO o.a.j.t.JMeterThread: Thread is done: setUp Thread Group 1-15
2023-06-26 10:42:47,027 INFO o.a.j.t.JMeterThread: Thread is done: setUp Thread Group 1-60
2023-06-26 10:42:47,027 INFO o.a.j.t.JMeterThread: Thread is done: setUp Thread Group 1-33
2023-06-26 10:42:47,027 INFO o.a.j.t.JMeterThread: Thread is done: setUp Thread Group 1-86
2023-06-26 10:42:47,027 INFO o.a.j.t.JMeterThread: Thread finished: setUp Thread Group 1-33
2023-06-26 10:42:47,027 INFO o.a.j.t.JMeterThread: Thread finished: setUp Thread Group 1-86
2023-06-26 10:42:47,028 INFO o.a.j.t.JMeterThread: Thread is done: setUp Thread Group 1-49
2023-06-26 10:42:47,028 INFO o.a.j.t.JMeterThread: Thread finished: setUp Thread Group 1-49
2023-06-26 10:42:47,028 INFO o.a.j.t.JMeterThread: Thread is done: setUp Thread Group 1-38
2023-06-26 10:42:47,028 INFO o.a.j.t.JMeterThread: Thread finished: setUp Thread Group 1-38
2023-06-26 10:42:47,028 INFO o.a.j.t.JMeterThread: Thread is done: setUp Thread Group 1-88
2023-06-26 10:42:47,028 INFO o.a.j.t.JMeterThread: Thread finished: setUp Thread Group 1-88
2023-06-26 10:42:47,027 INFO o.a.j.t.JMeterThread: Thread finished: setUp Thread Group 1-15
2023-06-26 10:42:47,030 INFO o.a.j.t.JMeterThread: Thread finished: setUp Thread Group 1-60
2023-06-26 10:42:47,031 INFO o.a.j.t.JMeterThread: Thread is done: setUp Thread Group 1-11
2023-06-26 10:42:47,030 INFO o.a.j.t.JMeterThread: Thread is done: setUp Thread Group 1-63
2023-06-26 10:42:47,032 INFO o.a.j.t.JMeterThread: Thread finished: setUp Thread Group 1-63
2023-06-26 10:42:47,034 INFO o.a.j.t.JMeterThread: Thread is done: setUp Thread Group 1-44
2023-06-26 10:42:47,034 INFO o.a.j.t.JMeterThread: Thread is done: setUp Thread Group 1-58
2023-06-26 10:42:47,034 INFO o.a.j.t.JMeterThread: Thread finished: setUp Thread Group 1-44
2023-06-26 10:42:47,034 INFO o.a.j.t.JMeterThread: Thread finished: setUp Thread Group 1-58
2023-06-26 10:42:47,031 INFO o.a.j.t.JMeterThread: Thread finished: setUp Thread Group 1-11
2023-06-26 10:42:47,038 INFO o.a.j.t.JMeterThread: Thread is done: setUp Thread Group 1-26
2023-06-26 10:42:47,038 INFO o.a.j.t.JMeterThread: Thread is done: setUp Thread Group 1-23
2023-06-26 10:42:47,038 INFO o.a.j.t.JMeterThread: Thread finished: setUp Thread Group 1-26
2023-06-26 10:42:47,038 INFO o.a.j.t.JMeterThread: Thread finished: setUp Thread Group 1-23
2023-06-26 10:42:47,039 INFO o.a.j.t.JMeterThread: Thread is done: setUp Thread Group 1-47
2023-06-26 10:42:47,039 INFO o.a.j.t.JMeterThread: Thread finished: setUp Thread Group 1-47
2023-06-26 10:42:47,039 INFO o.a.j.t.JMeterThread: Thread is done: setUp Thread Group 1-3
2023-06-26 10:42:47,039 INFO o.a.j.t.JMeterThread: Thread finished: setUp Thread Group 1-3
2023-06-26 10:42:47,041 INFO o.a.j.t.JMeterThread: Thread is done: setUp Thread Group 1-95
2023-06-26 10:42:47,038 INFO o.a.j.t.JMeterThread: Thread is done: setUp Thread Group 1-64
2023-06-26 10:42:47,042 INFO o.a.j.t.JMeterThread: Thread finished: setUp Thread Group 1-64
2023-06-26 10:42:47,042 INFO o.a.j.t.JMeterThread: Thread is done: setUp Thread Group 1-72
2023-06-26 10:42:47,042 INFO o.a.j.t.JMeterThread: Thread finished: setUp Thread Group 1-72
2023-06-26 10:42:47,042 INFO o.a.j.t.JMeterThread: Thread finished: setUp Thread Group 1-95
2023-06-26 10:42:47,046 INFO o.a.j.t.JMeterThread: Thread is done: setUp Thread Group 1-87
2023-06-26 10:42:47,046 INFO o.a.j.t.JMeterThread: Thread finished: setUp Thread Group 1-87
2023-06-26 10:42:47,054 INFO o.a.j.t.JMeterThread: Thread is done: setUp Thread Group 1-37
2023-06-26 10:42:47,054 INFO o.a.j.t.JMeterThread: Thread is done: setUp Thread Group 1-69
2023-06-26 10:42:47,054 INFO o.a.j.t.JMeterThread: Thread is done: setUp Thread Group 1-2
2023-06-26 10:42:47,054 INFO o.a.j.t.JMeterThread: Thread is done: setUp Thread Group 1-5
2023-06-26 10:42:47,054 INFO o.a.j.t.JMeterThread: Thread finished: setUp Thread Group 1-37
2023-06-26 10:42:47,054 INFO o.a.j.t.JMeterThread: Thread is done: setUp Thread Group 1-70
2023-06-26 10:42:47,055 INFO o.a.j.t.JMeterThread: Thread is done: setUp Thread Group 1-7
2023-06-26 10:42:47,055 INFO o.a.j.t.JMeterThread: Thread finished: setUp Thread Group 1-5
2023-06-26 10:42:47,055 INFO o.a.j.t.JMeterThread: Thread finished: setUp Thread Group 1-70
2023-06-26 10:42:47,055 INFO o.a.j.t.JMeterThread: Thread finished: setUp Thread Group 1-69
2023-06-26 10:42:47,055 INFO o.a.j.t.JMeterThread: Thread finished: setUp Thread Group 1-7
2023-06-26 10:42:47,055 INFO o.a.j.t.JMeterThread: Thread finished: setUp Thread Group 1-2
2023-06-26 10:42:47,057 INFO o.a.j.t.JMeterThread: Thread is done: setUp Thread Group 1-27
2023-06-26 10:42:47,057 INFO o.a.j.t.JMeterThread: Thread finished: setUp Thread Group 1-27
2023-06-26 10:42:47,057 INFO o.a.j.t.JMeterThread: Thread is done: setUp Thread Group 1-24
2023-06-26 10:42:47,057 INFO o.a.j.t.JMeterThread: Thread finished: setUp Thread Group 1-24
2023-06-26 10:42:47,059 INFO o.a.j.t.JMeterThread: Thread is done: setUp Thread Group 1-4
2023-06-26 10:42:47,059 INFO o.a.j.t.JMeterThread: Thread is done: setUp Thread Group 1-85
2023-06-26 10:42:47,059 INFO o.a.j.t.JMeterThread: Thread finished: setUp Thread Group 1-4
2023-06-26 10:42:47,059 INFO o.a.j.t.JMeterThread: Thread finished: setUp Thread Group 1-85
2023-06-26 10:42:47,059 INFO o.a.j.t.JMeterThread: Thread is done: setUp Thread Group 1-6
2023-06-26 10:42:47,060 INFO o.a.j.t.JMeterThread: Thread finished: setUp Thread Group 1-6
2023-06-26 10:42:47,062 INFO o.a.j.t.JMeterThread: Thread is done: setUp Thread Group 1-71
2023-06-26 10:42:47,062 INFO o.a.j.t.JMeterThread: Thread is done: setUp Thread Group 1-67
2023-06-26 10:42:47,063 INFO o.a.j.t.JMeterThread: Thread finished: setUp Thread Group 1-71
2023-06-26 10:42:47,064 INFO o.a.j.t.JMeterThread: Thread finished: setUp Thread Group 1-67
2023-06-26 10:42:47,064 INFO o.a.j.t.JMeterThread: Thread is done: setUp Thread Group 1-32
2023-06-26 10:42:47,064 INFO o.a.j.t.JMeterThread: Thread finished: setUp Thread Group 1-32
2023-06-26 10:42:47,066 INFO o.a.j.t.JMeterThread: Thread is done: setUp Thread Group 1-28
2023-06-26 10:42:47,066 INFO o.a.j.t.JMeterThread: Thread finished: setUp Thread Group 1-28
2023-06-26 10:42:47,074 INFO o.a.j.t.JMeterThread: Thread is done: setUp Thread Group 1-10
2023-06-26 10:42:47,075 INFO o.a.j.t.JMeterThread: Thread is done: setUp Thread Group 1-75
2023-06-26 10:42:47,075 INFO o.a.j.t.JMeterThread: Thread finished: setUp Thread Group 1-10
2023-06-26 10:42:47,075 INFO o.a.j.t.JMeterThread: Thread finished: setUp Thread Group 1-75
2023-06-26 10:42:47,081 INFO o.a.j.t.JMeterThread: Thread is done: setUp Thread Group 1-89
2023-06-26 10:42:47,082 INFO o.a.j.t.JMeterThread: Thread finished: setUp Thread Group 1-89
2023-06-26 10:42:47,082 INFO o.a.j.t.JMeterThread: Thread is done: setUp Thread Group 1-90
2023-06-26 10:42:47,082 INFO o.a.j.t.JMeterThread: Thread finished: setUp Thread Group 1-90
2023-06-26 10:42:47,085 INFO o.a.j.t.JMeterThread: Thread is done: setUp Thread Group 1-53
2023-06-26 10:42:47,087 INFO o.a.j.t.JMeterThread: Thread finished: setUp Thread Group 1-53
2023-06-26 10:42:47,089 INFO o.a.j.t.JMeterThread: Thread is done: setUp Thread Group 1-77
2023-06-26 10:42:47,090 INFO o.a.j.t.JMeterThread: Thread is done: setUp Thread Group 1-83
2023-06-26 10:42:47,090 INFO o.a.j.t.JMeterThread: Thread finished: setUp Thread Group 1-77
2023-06-26 10:42:47,090 INFO o.a.j.t.JMeterThread: Thread finished: setUp Thread Group 1-83
2023-06-26 10:42:47,091 INFO o.a.j.t.JMeterThread: Thread is done: setUp Thread Group 1-52
2023-06-26 10:42:47,091 INFO o.a.j.t.JMeterThread: Thread is done: setUp Thread Group 1-82
2023-06-26 10:42:47,092 INFO o.a.j.t.JMeterThread: Thread finished: setUp Thread Group 1-52
2023-06-26 10:42:47,092 INFO o.a.j.t.JMeterThread: Thread finished: setUp Thread Group 1-82
2023-06-26 10:42:47,092 INFO o.a.j.t.JMeterThread: Thread is done: setUp Thread Group 1-31
2023-06-26 10:42:47,092 INFO o.a.j.t.JMeterThread: Thread finished: setUp Thread Group 1-31
2023-06-26 10:42:47,093 INFO o.a.j.t.JMeterThread: Thread is done: setUp Thread Group 1-16
2023-06-26 10:42:47,093 INFO o.a.j.t.JMeterThread: Thread is done: setUp Thread Group 1-76
2023-06-26 10:42:47,093 INFO o.a.j.t.JMeterThread: Thread is done: setUp Thread Group 1-45
2023-06-26 10:42:47,093 INFO o.a.j.t.JMeterThread: Thread finished: setUp Thread Group 1-16
2023-06-26 10:42:47,093 INFO o.a.j.t.JMeterThread: Thread finished: setUp Thread Group 1-76
2023-06-26 10:42:47,093 INFO o.a.j.t.JMeterThread: Thread finished: setUp Thread Group 1-45
2023-06-26 10:42:47,095 INFO o.a.j.t.JMeterThread: Thread is done: setUp Thread Group 1-20
2023-06-26 10:42:47,095 INFO o.a.j.t.JMeterThread: Thread finished: setUp Thread Group 1-20
2023-06-26 10:42:47,122 INFO o.a.j.t.JMeterThread: Thread is done: setUp Thread Group 1-65
2023-06-26 10:42:47,122 INFO o.a.j.t.JMeterThread: Thread is done: setUp Thread Group 1-74
2023-06-26 10:42:47,122 INFO o.a.j.t.JMeterThread: Thread finished: setUp Thread Group 1-65
2023-06-26 10:42:47,122 INFO o.a.j.t.JMeterThread: Thread finished: setUp Thread Group 1-74
2023-06-26 10:42:47,124 INFO o.a.j.t.JMeterThread: Thread is done: setUp Thread Group 1-55
2023-06-26 10:42:47,124 INFO o.a.j.t.JMeterThread: Thread finished: setUp Thread Group 1-55
2023-06-26 10:42:47,125 INFO o.a.j.t.JMeterThread: Thread is done: setUp Thread Group 1-79
2023-06-26 10:42:47,125 INFO o.a.j.t.JMeterThread: Thread is done: setUp Thread Group 1-17
2023-06-26 10:42:47,126 INFO o.a.j.t.JMeterThread: Thread finished: setUp Thread Group 1-79
2023-06-26 10:42:47,127 INFO o.a.j.t.JMeterThread: Thread is done: setUp Thread Group 1-1
2023-06-26 10:42:47,127 INFO o.a.j.t.JMeterThread: Thread finished: setUp Thread Group 1-1
2023-06-26 10:42:47,127 INFO o.a.j.t.JMeterThread: Thread is done: setUp Thread Group 1-92
2023-06-26 10:42:47,127 INFO o.a.j.t.JMeterThread: Thread finished: setUp Thread Group 1-92
2023-06-26 10:42:47,127 INFO o.a.j.t.JMeterThread: Thread finished: setUp Thread Group 1-17
2023-06-26 10:42:47,133 INFO o.a.j.t.JMeterThread: Thread is done: setUp Thread Group 1-57
2023-06-26 10:42:47,133 INFO o.a.j.t.JMeterThread: Thread finished: setUp Thread Group 1-57
2023-06-26 10:42:47,136 INFO o.a.j.t.JMeterThread: Thread is done: setUp Thread Group 1-18
2023-06-26 10:42:47,136 INFO o.a.j.t.JMeterThread: Thread finished: setUp Thread Group 1-18
2023-06-26 10:42:47,270 INFO o.a.j.t.JMeterThread: Thread is done: setUp Thread Group 1-41
2023-06-26 10:42:47,271 INFO o.a.j.t.JMeterThread: Thread finished: setUp Thread Group 1-41
2023-06-26 10:42:47,273 INFO o.a.j.t.JMeterThread: Thread is done: setUp Thread Group 1-62
2023-06-26 10:42:47,273 INFO o.a.j.t.JMeterThread: Thread finished: setUp Thread Group 1-62
2023-06-26 10:42:47,273 INFO o.a.j.t.JMeterThread: Thread is done: setUp Thread Group 1-40
2023-06-26 10:42:47,275 INFO o.a.j.t.JMeterThread: Thread is done: setUp Thread Group 1-29
2023-06-26 10:42:47,276 INFO o.a.j.t.JMeterThread: Thread finished: setUp Thread Group 1-29
2023-06-26 10:42:47,275 INFO o.a.j.t.JMeterThread: Thread finished: setUp Thread Group 1-40
2023-06-26 10:42:47,278 INFO o.a.j.t.JMeterThread: Thread is done: setUp Thread Group 1-22
2023-06-26 10:42:47,278 INFO o.a.j.t.JMeterThread: Thread finished: setUp Thread Group 1-22
2023-06-26 10:42:47,278 INFO o.a.j.t.JMeterThread: Thread is done: setUp Thread Group 1-43
2023-06-26 10:42:47,279 INFO o.a.j.t.JMeterThread: Thread finished: setUp Thread Group 1-43
2023-06-26 10:42:47,285 INFO o.a.j.t.JMeterThread: Thread is done: setUp Thread Group 1-94
2023-06-26 10:42:47,285 INFO o.a.j.t.JMeterThread: Thread is done: setUp Thread Group 1-91
2023-06-26 10:42:47,286 INFO o.a.j.t.JMeterThread: Thread finished: setUp Thread Group 1-94
2023-06-26 10:42:47,286 INFO o.a.j.t.JMeterThread: Thread finished: setUp Thread Group 1-91
2023-06-26 10:42:47,289 INFO o.a.j.t.JMeterThread: Thread is done: setUp Thread Group 1-73
2023-06-26 10:42:47,289 INFO o.a.j.t.JMeterThread: Thread finished: setUp Thread Group 1-73
2023-06-26 10:42:47,290 INFO o.a.j.e.StandardJMeterEngine: All Setup Threads have ended
2023-06-26 10:42:47,353 INFO o.a.j.e.StandardJMeterEngine: No enabled thread groups found
2023-06-26 10:42:47,354 INFO o.a.j.e.StandardJMeterEngine: Starting tearDown thread groups
2023-06-26 10:42:47,354 INFO o.a.j.e.StandardJMeterEngine: Starting tearDown ThreadGroup: 1 : tearDown Thread Group
2023-06-26 10:42:47,354 INFO o.a.j.e.StandardJMeterEngine: Starting 1 threads for group tearDown Thread Group.
2023-06-26 10:42:47,354 INFO o.a.j.e.StandardJMeterEngine: Thread will continue on error
2023-06-26 10:42:47,354 INFO o.a.j.t.ThreadGroup: Starting thread group... number=1 threads=1 ramp-up=1 delayedStart=false
2023-06-26 10:42:47,356 INFO o.a.j.t.ThreadGroup: Started thread group number 1
2023-06-26 10:42:47,357 INFO o.a.j.t.JMeterThread: Thread started: tearDown Thread Group 1-1
2023-06-26 10:42:47,358 INFO o.a.j.s.FileServer: Stored: C:/Users/User/Projects/Uni/VS/apache-jmeter-5.5/bin/testplan/testdata/categoryIds.csv
2023-06-26 10:42:47,359 ERROR o.a.j.t.JMeterThread: Test failed!
java.lang.IllegalArgumentException: File categoryIds.csv must exist and be readable
	at org.apache.jmeter.services.FileServer.createBufferedReader(FileServer.java:424) ~[ApacheJMeter_core.jar:5.5]
	at org.apache.jmeter.services.FileServer.readLine(FileServer.java:340) ~[ApacheJMeter_core.jar:5.5]
	at org.apache.jmeter.config.CSVDataSet.iterationStart(CSVDataSet.java:182) ~[ApacheJMeter_components.jar:5.5]
	at org.apache.jmeter.control.GenericController.fireIterationStart(GenericController.java:399) ~[ApacheJMeter_core.jar:5.5]
	at org.apache.jmeter.control.GenericController.fireIterEvents(GenericController.java:391) ~[ApacheJMeter_core.jar:5.5]
	at org.apache.jmeter.control.GenericController.next(GenericController.java:160) ~[ApacheJMeter_core.jar:5.5]
	at org.apache.jmeter.control.LoopController.next(LoopController.java:134) ~[ApacheJMeter_core.jar:5.5]
	at org.apache.jmeter.threads.AbstractThreadGroup.next(AbstractThreadGroup.java:99) ~[ApacheJMeter_core.jar:5.5]
	at org.apache.jmeter.threads.JMeterThread.run(JMeterThread.java:266) ~[ApacheJMeter_core.jar:5.5]
	at java.lang.Thread.run(Thread.java:1589) ~[?:?]
2023-06-26 10:42:47,360 INFO o.a.j.t.JMeterThread: Thread finished: tearDown Thread Group 1-1
2023-06-26 10:42:47,360 INFO o.a.j.e.StandardJMeterEngine: Notifying test listeners of end of test
2023-06-26 10:42:47,360 INFO o.a.j.s.FileServer: Close: C:/Users/Klaus Bertsch/Documents/GitHub/verteile-systeme-webshop/apache-jmeter-5.5/bin/testplan/testdata/categories.csv
2023-06-26 10:42:47,360 INFO o.a.j.s.FileServer: Close: C:/Users/Klaus Bertsch/Documents/GitHub/verteile-systeme-webshop/apache-jmeter-5.5/bin/testplan/testdata/testproducts.csv
2023-06-26 10:42:47,360 INFO o.a.j.g.u.JMeterMenuBar: setRunning(false, *local*)
2023-06-26 10:47:27,060 INFO o.a.j.e.StandardJMeterEngine: Running the test!
2023-06-26 10:47:27,060 INFO o.a.j.s.SampleEvent: List of sample_variables: []
2023-06-26 10:47:27,061 INFO o.a.j.g.u.JMeterMenuBar: setRunning(true, *local*)
2023-06-26 10:47:27,067 INFO o.a.j.e.StandardJMeterEngine: Starting setUp thread groups
2023-06-26 10:47:27,067 INFO o.a.j.e.StandardJMeterEngine: Starting setUp ThreadGroup: 1 : setUp Thread Group 
2023-06-26 10:47:27,067 INFO o.a.j.e.StandardJMeterEngine: Starting 10 threads for group setUp Thread Group.
2023-06-26 10:47:27,067 INFO o.a.j.e.StandardJMeterEngine: Thread will continue on error
2023-06-26 10:47:27,068 INFO o.a.j.t.ThreadGroup: Starting thread group... number=1 threads=10 ramp-up=2 delayedStart=false
2023-06-26 10:47:27,070 INFO o.a.j.t.JMeterThread: Thread started: setUp Thread Group 1-1
2023-06-26 10:47:27,071 INFO o.a.j.s.FileServer: Stored: C:/Users/Klaus Bertsch/Documents/GitHub/verteile-systeme-webshop/apache-jmeter-5.5/bin/testplan/testdata/testproducts.csv
2023-06-26 10:47:27,073 INFO o.a.j.t.ThreadGroup: Started thread group number 1
2023-06-26 10:47:27,073 INFO o.a.j.e.StandardJMeterEngine: Waiting for all setup thread groups to exit
2023-06-26 10:47:27,074 INFO o.a.j.s.FileServer: Stored: C:/Users/Klaus Bertsch/Documents/GitHub/verteile-systeme-webshop/apache-jmeter-5.5/bin/testplan/testdata/categories.csv
2023-06-26 10:47:27,274 INFO o.a.j.t.JMeterThread: Thread started: setUp Thread Group 1-2
2023-06-26 10:47:27,475 INFO o.a.j.t.JMeterThread: Thread started: setUp Thread Group 1-3
2023-06-26 10:47:27,581 INFO o.a.j.t.JMeterThread: Thread is done: setUp Thread Group 1-1
2023-06-26 10:47:27,581 INFO o.a.j.t.JMeterThread: Thread finished: setUp Thread Group 1-1
2023-06-26 10:47:27,675 INFO o.a.j.t.JMeterThread: Thread started: setUp Thread Group 1-4
2023-06-26 10:47:27,837 INFO o.a.j.t.JMeterThread: Thread is done: setUp Thread Group 1-2
2023-06-26 10:47:27,837 INFO o.a.j.t.JMeterThread: Thread finished: setUp Thread Group 1-2
2023-06-26 10:47:27,875 INFO o.a.j.t.JMeterThread: Thread started: setUp Thread Group 1-5
2023-06-26 10:47:27,989 INFO o.a.j.t.JMeterThread: Thread is done: setUp Thread Group 1-3
2023-06-26 10:47:27,989 INFO o.a.j.t.JMeterThread: Thread finished: setUp Thread Group 1-3
2023-06-26 10:47:28,074 INFO o.a.j.t.JMeterThread: Thread started: setUp Thread Group 1-6
2023-06-26 10:47:28,090 INFO o.a.j.t.JMeterThread: Thread is done: setUp Thread Group 1-4
2023-06-26 10:47:28,090 INFO o.a.j.t.JMeterThread: Thread finished: setUp Thread Group 1-4
2023-06-26 10:47:28,221 INFO o.a.j.t.JMeterThread: Thread is done: setUp Thread Group 1-5
2023-06-26 10:47:28,221 INFO o.a.j.t.JMeterThread: Thread finished: setUp Thread Group 1-5
2023-06-26 10:47:28,274 INFO o.a.j.t.JMeterThread: Thread started: setUp Thread Group 1-7
2023-06-26 10:47:28,450 INFO o.a.j.t.JMeterThread: Thread is done: setUp Thread Group 1-6
2023-06-26 10:47:28,450 INFO o.a.j.t.JMeterThread: Thread finished: setUp Thread Group 1-6
2023-06-26 10:47:28,475 INFO o.a.j.t.JMeterThread: Thread started: setUp Thread Group 1-8
2023-06-26 10:47:28,638 INFO o.a.j.t.JMeterThread: Thread is done: setUp Thread Group 1-7
2023-06-26 10:47:28,638 INFO o.a.j.t.JMeterThread: Thread finished: setUp Thread Group 1-7
2023-06-26 10:47:28,674 INFO o.a.j.t.JMeterThread: Thread started: setUp Thread Group 1-9
2023-06-26 10:47:28,831 INFO o.a.j.t.JMeterThread: Thread is done: setUp Thread Group 1-8
2023-06-26 10:47:28,833 INFO o.a.j.t.JMeterThread: Thread finished: setUp Thread Group 1-8
2023-06-26 10:47:28,873 INFO o.a.j.t.JMeterThread: Thread started: setUp Thread Group 1-10
2023-06-26 10:47:29,020 INFO o.a.j.t.JMeterThread: Thread is done: setUp Thread Group 1-9
2023-06-26 10:47:29,020 INFO o.a.j.t.JMeterThread: Thread finished: setUp Thread Group 1-9
2023-06-26 10:47:29,209 INFO o.a.j.t.JMeterThread: Thread is done: setUp Thread Group 1-10
2023-06-26 10:47:29,209 INFO o.a.j.t.JMeterThread: Thread finished: setUp Thread Group 1-10
2023-06-26 10:47:29,210 INFO o.a.j.e.StandardJMeterEngine: All Setup Threads have ended
2023-06-26 10:47:29,251 INFO o.a.j.e.StandardJMeterEngine: No enabled thread groups found
2023-06-26 10:47:29,251 INFO o.a.j.e.StandardJMeterEngine: Starting tearDown thread groups
2023-06-26 10:47:29,251 INFO o.a.j.e.StandardJMeterEngine: Starting tearDown ThreadGroup: 1 : tearDown Thread Group
2023-06-26 10:47:29,251 INFO o.a.j.e.StandardJMeterEngine: Starting 10 threads for group tearDown Thread Group.
2023-06-26 10:47:29,251 INFO o.a.j.e.StandardJMeterEngine: Thread will continue on error
2023-06-26 10:47:29,251 INFO o.a.j.t.ThreadGroup: Starting thread group... number=1 threads=10 ramp-up=2 delayedStart=false
2023-06-26 10:47:29,252 INFO o.a.j.t.JMeterThread: Thread started: tearDown Thread Group 1-1
2023-06-26 10:47:29,252 INFO o.a.j.s.FileServer: Stored: C:/Users/Klaus Bertsch/Documents/GitHub/verteile-systeme-webshop/apache-jmeter-5.5/bin/testplan/testdata/productIds.csv
2023-06-26 10:47:29,253 INFO o.a.j.t.ThreadGroup: Started thread group number 1
2023-06-26 10:47:29,253 INFO o.a.j.s.FileServer: Stored: C:/Users/Klaus Bertsch/Documents/GitHub/verteile-systeme-webshop/apache-jmeter-5.5/bin/testplan/testdata/categoryIds.csv
2023-06-26 10:47:29,464 INFO o.a.j.t.JMeterThread: Thread started: tearDown Thread Group 1-2
2023-06-26 10:47:29,653 INFO o.a.j.t.JMeterThread: Thread started: tearDown Thread Group 1-3
2023-06-26 10:47:29,665 INFO o.a.j.t.JMeterThread: Thread is done: tearDown Thread Group 1-1
2023-06-26 10:47:29,665 INFO o.a.j.t.JMeterThread: Thread finished: tearDown Thread Group 1-1
2023-06-26 10:47:29,774 INFO o.a.j.t.JMeterThread: Thread is done: tearDown Thread Group 1-2
2023-06-26 10:47:29,774 INFO o.a.j.t.JMeterThread: Thread finished: tearDown Thread Group 1-2
2023-06-26 10:47:29,853 INFO o.a.j.t.JMeterThread: Thread started: tearDown Thread Group 1-4
2023-06-26 10:47:29,942 INFO o.a.j.t.JMeterThread: Thread is done: tearDown Thread Group 1-3
2023-06-26 10:47:29,942 INFO o.a.j.t.JMeterThread: Thread finished: tearDown Thread Group 1-3
2023-06-26 10:47:30,053 INFO o.a.j.t.JMeterThread: Thread started: tearDown Thread Group 1-5
2023-06-26 10:47:30,252 INFO o.a.j.t.JMeterThread: Thread started: tearDown Thread Group 1-6
2023-06-26 10:47:30,287 INFO o.a.j.t.JMeterThread: Thread is done: tearDown Thread Group 1-4
2023-06-26 10:47:30,287 INFO o.a.j.t.JMeterThread: Thread finished: tearDown Thread Group 1-4
2023-06-26 10:47:30,452 INFO o.a.j.t.JMeterThread: Thread started: tearDown Thread Group 1-7
2023-06-26 10:47:30,595 INFO o.a.j.t.JMeterThread: Thread is done: tearDown Thread Group 1-5
2023-06-26 10:47:30,596 INFO o.a.j.t.JMeterThread: Thread finished: tearDown Thread Group 1-5
2023-06-26 10:47:30,652 INFO o.a.j.t.JMeterThread: Thread started: tearDown Thread Group 1-8
2023-06-26 10:47:30,660 INFO o.a.j.t.JMeterThread: Thread is done: tearDown Thread Group 1-6
2023-06-26 10:47:30,660 INFO o.a.j.t.JMeterThread: Thread finished: tearDown Thread Group 1-6
2023-06-26 10:47:30,774 INFO o.a.j.t.JMeterThread: Thread is done: tearDown Thread Group 1-7
2023-06-26 10:47:30,774 INFO o.a.j.t.JMeterThread: Thread finished: tearDown Thread Group 1-7
2023-06-26 10:47:30,851 INFO o.a.j.t.JMeterThread: Thread started: tearDown Thread Group 1-9
2023-06-26 10:47:30,901 INFO o.a.j.t.JMeterThread: Thread is done: tearDown Thread Group 1-8
2023-06-26 10:47:30,901 INFO o.a.j.t.JMeterThread: Thread finished: tearDown Thread Group 1-8
2023-06-26 10:47:31,052 INFO o.a.j.t.JMeterThread: Thread started: tearDown Thread Group 1-10
2023-06-26 10:47:31,123 INFO o.a.j.t.JMeterThread: Thread is done: tearDown Thread Group 1-9
2023-06-26 10:47:31,123 INFO o.a.j.t.JMeterThread: Thread finished: tearDown Thread Group 1-9
2023-06-26 10:47:31,376 INFO o.a.j.t.JMeterThread: Thread is done: tearDown Thread Group 1-10
2023-06-26 10:47:31,376 INFO o.a.j.t.JMeterThread: Thread finished: tearDown Thread Group 1-10
2023-06-26 10:47:31,377 INFO o.a.j.e.StandardJMeterEngine: Notifying test listeners of end of test
2023-06-26 10:47:31,377 INFO o.a.j.s.FileServer: Close: C:/Users/Klaus Bertsch/Documents/GitHub/verteile-systeme-webshop/apache-jmeter-5.5/bin/testplan/testdata/categories.csv
2023-06-26 10:47:31,377 INFO o.a.j.s.FileServer: Close: C:/Users/Klaus Bertsch/Documents/GitHub/verteile-systeme-webshop/apache-jmeter-5.5/bin/testplan/testdata/categoryIds.csv
2023-06-26 10:47:31,377 INFO o.a.j.s.FileServer: Close: C:/Users/Klaus Bertsch/Documents/GitHub/verteile-systeme-webshop/apache-jmeter-5.5/bin/testplan/testdata/testproducts.csv
2023-06-26 10:47:31,377 INFO o.a.j.s.FileServer: Close: C:/Users/Klaus Bertsch/Documents/GitHub/verteile-systeme-webshop/apache-jmeter-5.5/bin/testplan/testdata/productIds.csv
2023-06-26 10:47:31,377 INFO o.a.j.g.u.JMeterMenuBar: setRunning(false, *local*)
2023-06-26 10:49:18,949 INFO o.a.j.e.StandardJMeterEngine: Running the test!
2023-06-26 10:49:18,949 INFO o.a.j.s.SampleEvent: List of sample_variables: []
2023-06-26 10:49:18,949 INFO o.a.j.g.u.JMeterMenuBar: setRunning(true, *local*)
2023-06-26 10:49:18,950 INFO o.a.j.e.StandardJMeterEngine: Starting setUp thread groups
2023-06-26 10:49:18,950 INFO o.a.j.e.StandardJMeterEngine: Starting setUp ThreadGroup: 1 : setUp Thread Group 
2023-06-26 10:49:18,950 INFO o.a.j.e.StandardJMeterEngine: Starting 10 threads for group setUp Thread Group.
2023-06-26 10:49:18,950 INFO o.a.j.e.StandardJMeterEngine: Thread will continue on error
2023-06-26 10:49:18,950 INFO o.a.j.t.ThreadGroup: Starting thread group... number=1 threads=10 ramp-up=2 delayedStart=false
2023-06-26 10:49:18,952 INFO o.a.j.t.JMeterThread: Thread started: setUp Thread Group 1-1
2023-06-26 10:49:18,952 INFO o.a.j.s.FileServer: Stored: C:/Users/Klaus Bertsch/Documents/GitHub/verteile-systeme-webshop/apache-jmeter-5.5/bin/testplan/testdata/testproducts.csv
2023-06-26 10:49:18,955 INFO o.a.j.t.ThreadGroup: Started thread group number 1
2023-06-26 10:49:18,955 INFO o.a.j.e.StandardJMeterEngine: Waiting for all setup thread groups to exit
2023-06-26 10:49:19,102 INFO o.a.j.t.JMeterThread: Thread is done: setUp Thread Group 1-1
2023-06-26 10:49:19,103 INFO o.a.j.t.JMeterThread: Thread finished: setUp Thread Group 1-1
2023-06-26 10:49:19,160 INFO o.a.j.t.JMeterThread: Thread started: setUp Thread Group 1-2
2023-06-26 10:49:19,304 INFO o.a.j.t.JMeterThread: Thread is done: setUp Thread Group 1-2
2023-06-26 10:49:19,304 INFO o.a.j.t.JMeterThread: Thread finished: setUp Thread Group 1-2
2023-06-26 10:49:19,359 INFO o.a.j.t.JMeterThread: Thread started: setUp Thread Group 1-3
2023-06-26 10:49:19,528 INFO o.a.j.t.JMeterThread: Thread is done: setUp Thread Group 1-3
2023-06-26 10:49:19,529 INFO o.a.j.t.JMeterThread: Thread finished: setUp Thread Group 1-3
2023-06-26 10:49:19,559 INFO o.a.j.t.JMeterThread: Thread started: setUp Thread Group 1-4
2023-06-26 10:49:19,712 INFO o.a.j.t.JMeterThread: Thread is done: setUp Thread Group 1-4
2023-06-26 10:49:19,712 INFO o.a.j.t.JMeterThread: Thread finished: setUp Thread Group 1-4
2023-06-26 10:49:19,752 INFO o.a.j.t.JMeterThread: Thread started: setUp Thread Group 1-5
2023-06-26 10:49:19,903 INFO o.a.j.t.JMeterThread: Thread is done: setUp Thread Group 1-5
2023-06-26 10:49:19,903 INFO o.a.j.t.JMeterThread: Thread finished: setUp Thread Group 1-5
2023-06-26 10:49:19,952 INFO o.a.j.t.JMeterThread: Thread started: setUp Thread Group 1-6
2023-06-26 10:49:20,098 INFO o.a.j.t.JMeterThread: Thread is done: setUp Thread Group 1-6
2023-06-26 10:49:20,098 INFO o.a.j.t.JMeterThread: Thread finished: setUp Thread Group 1-6
2023-06-26 10:49:20,153 INFO o.a.j.t.JMeterThread: Thread started: setUp Thread Group 1-7
2023-06-26 10:49:20,275 INFO o.a.j.t.JMeterThread: Thread is done: setUp Thread Group 1-7
2023-06-26 10:49:20,275 INFO o.a.j.t.JMeterThread: Thread finished: setUp Thread Group 1-7
2023-06-26 10:49:20,352 INFO o.a.j.t.JMeterThread: Thread started: setUp Thread Group 1-8
2023-06-26 10:49:20,525 INFO o.a.j.t.JMeterThread: Thread is done: setUp Thread Group 1-8
2023-06-26 10:49:20,525 INFO o.a.j.t.JMeterThread: Thread finished: setUp Thread Group 1-8
2023-06-26 10:49:20,552 INFO o.a.j.t.JMeterThread: Thread started: setUp Thread Group 1-9
2023-06-26 10:49:20,671 INFO o.a.j.t.JMeterThread: Thread is done: setUp Thread Group 1-9
2023-06-26 10:49:20,671 INFO o.a.j.t.JMeterThread: Thread finished: setUp Thread Group 1-9
2023-06-26 10:49:20,752 INFO o.a.j.t.JMeterThread: Thread started: setUp Thread Group 1-10
2023-06-26 10:49:20,856 INFO o.a.j.t.JMeterThread: Thread is done: setUp Thread Group 1-10
2023-06-26 10:49:20,856 INFO o.a.j.t.JMeterThread: Thread finished: setUp Thread Group 1-10
2023-06-26 10:49:20,856 INFO o.a.j.e.StandardJMeterEngine: All Setup Threads have ended
2023-06-26 10:49:20,898 INFO o.a.j.e.StandardJMeterEngine: Starting ThreadGroup: 1 : Thread Group
2023-06-26 10:49:20,913 INFO o.a.j.e.StandardJMeterEngine: Starting 10 threads for group Thread Group.
2023-06-26 10:49:20,913 INFO o.a.j.e.StandardJMeterEngine: Thread will continue on error
2023-06-26 10:49:20,913 INFO o.a.j.t.ThreadGroup: Starting thread group... number=1 threads=10 ramp-up=2 delayedStart=false
2023-06-26 10:49:20,914 INFO o.a.j.t.JMeterThread: Thread started: Thread Group 1-1
2023-06-26 10:49:20,915 INFO o.a.j.s.FileServer: Stored: C:/Users/Klaus Bertsch/Documents/GitHub/verteile-systeme-webshop/apache-jmeter-5.5/bin/testplan/testdata/categories.csv
2023-06-26 10:49:20,916 INFO o.a.j.t.ThreadGroup: Started thread group number 1
2023-06-26 10:49:20,916 INFO o.a.j.e.StandardJMeterEngine: Waiting for thread group: Thread Group to finish before starting next group
2023-06-26 10:49:21,067 INFO o.a.j.t.JMeterThread: Thread is done: Thread Group 1-1
2023-06-26 10:49:21,067 INFO o.a.j.t.JMeterThread: Thread finished: Thread Group 1-1
2023-06-26 10:49:21,115 INFO o.a.j.t.JMeterThread: Thread started: Thread Group 1-2
2023-06-26 10:49:21,262 INFO o.a.j.t.JMeterThread: Thread is done: Thread Group 1-2
2023-06-26 10:49:21,262 INFO o.a.j.t.JMeterThread: Thread finished: Thread Group 1-2
2023-06-26 10:49:21,314 INFO o.a.j.t.JMeterThread: Thread started: Thread Group 1-3
2023-06-26 10:49:21,475 INFO o.a.j.t.JMeterThread: Thread is done: Thread Group 1-3
2023-06-26 10:49:21,476 INFO o.a.j.t.JMeterThread: Thread finished: Thread Group 1-3
2023-06-26 10:49:21,515 INFO o.a.j.t.JMeterThread: Thread started: Thread Group 1-4
2023-06-26 10:49:21,628 INFO o.a.j.t.JMeterThread: Thread is done: Thread Group 1-4
2023-06-26 10:49:21,628 INFO o.a.j.t.JMeterThread: Thread finished: Thread Group 1-4
2023-06-26 10:49:21,714 INFO o.a.j.t.JMeterThread: Thread started: Thread Group 1-5
2023-06-26 10:49:21,846 INFO o.a.j.t.JMeterThread: Thread is done: Thread Group 1-5
2023-06-26 10:49:21,846 INFO o.a.j.t.JMeterThread: Thread finished: Thread Group 1-5
2023-06-26 10:49:21,916 INFO o.a.j.t.JMeterThread: Thread started: Thread Group 1-6
2023-06-26 10:49:22,082 INFO o.a.j.t.JMeterThread: Thread is done: Thread Group 1-6
2023-06-26 10:49:22,082 INFO o.a.j.t.JMeterThread: Thread finished: Thread Group 1-6
2023-06-26 10:49:22,114 INFO o.a.j.t.JMeterThread: Thread started: Thread Group 1-7
2023-06-26 10:49:22,263 INFO o.a.j.t.JMeterThread: Thread is done: Thread Group 1-7
2023-06-26 10:49:22,285 INFO o.a.j.t.JMeterThread: Thread finished: Thread Group 1-7
2023-06-26 10:49:22,316 INFO o.a.j.t.JMeterThread: Thread started: Thread Group 1-8
2023-06-26 10:49:22,443 INFO o.a.j.t.JMeterThread: Thread is done: Thread Group 1-8
2023-06-26 10:49:22,443 INFO o.a.j.t.JMeterThread: Thread finished: Thread Group 1-8
2023-06-26 10:49:22,514 INFO o.a.j.t.JMeterThread: Thread started: Thread Group 1-9
2023-06-26 10:49:22,661 INFO o.a.j.t.JMeterThread: Thread is done: Thread Group 1-9
2023-06-26 10:49:22,662 INFO o.a.j.t.JMeterThread: Thread finished: Thread Group 1-9
2023-06-26 10:49:22,714 INFO o.a.j.t.JMeterThread: Thread started: Thread Group 1-10
2023-06-26 10:49:22,839 INFO o.a.j.t.JMeterThread: Thread is done: Thread Group 1-10
2023-06-26 10:49:22,839 INFO o.a.j.t.JMeterThread: Thread finished: Thread Group 1-10
2023-06-26 10:49:22,839 INFO o.a.j.e.StandardJMeterEngine: All thread groups have been started
2023-06-26 10:49:22,840 INFO o.a.j.e.StandardJMeterEngine: Starting tearDown thread groups
2023-06-26 10:49:22,840 INFO o.a.j.e.StandardJMeterEngine: Starting tearDown ThreadGroup: 1 : tearDown Thread Group
2023-06-26 10:49:22,840 INFO o.a.j.e.StandardJMeterEngine: Starting 10 threads for group tearDown Thread Group.
2023-06-26 10:49:22,840 INFO o.a.j.e.StandardJMeterEngine: Thread will continue on error
2023-06-26 10:49:22,840 INFO o.a.j.t.ThreadGroup: Starting thread group... number=1 threads=10 ramp-up=2 delayedStart=false
2023-06-26 10:49:22,842 INFO o.a.j.t.JMeterThread: Thread started: tearDown Thread Group 1-1
2023-06-26 10:49:22,842 INFO o.a.j.s.FileServer: Stored: C:/Users/Klaus Bertsch/Documents/GitHub/verteile-systeme-webshop/apache-jmeter-5.5/bin/testplan/testdata/productIds.csv
2023-06-26 10:49:22,843 INFO o.a.j.s.FileServer: Stored: C:/Users/Klaus Bertsch/Documents/GitHub/verteile-systeme-webshop/apache-jmeter-5.5/bin/testplan/testdata/categoryIds.csv
2023-06-26 10:49:22,844 INFO o.a.j.t.ThreadGroup: Started thread group number 1
2023-06-26 10:49:23,043 INFO o.a.j.t.JMeterThread: Thread started: tearDown Thread Group 1-2
2023-06-26 10:49:23,108 INFO o.a.j.t.JMeterThread: Thread is done: tearDown Thread Group 1-1
2023-06-26 10:49:23,108 INFO o.a.j.t.JMeterThread: Thread finished: tearDown Thread Group 1-1
2023-06-26 10:49:23,241 INFO o.a.j.t.JMeterThread: Thread started: tearDown Thread Group 1-3
2023-06-26 10:49:23,260 INFO o.a.j.t.JMeterThread: Thread is done: tearDown Thread Group 1-2
2023-06-26 10:49:23,260 INFO o.a.j.t.JMeterThread: Thread finished: tearDown Thread Group 1-2
2023-06-26 10:49:23,442 INFO o.a.j.t.JMeterThread: Thread started: tearDown Thread Group 1-4
2023-06-26 10:49:23,484 INFO o.a.j.t.JMeterThread: Thread is done: tearDown Thread Group 1-3
2023-06-26 10:49:23,484 INFO o.a.j.t.JMeterThread: Thread finished: tearDown Thread Group 1-3
2023-06-26 10:49:23,642 INFO o.a.j.t.JMeterThread: Thread started: tearDown Thread Group 1-5
2023-06-26 10:49:23,668 INFO o.a.j.t.JMeterThread: Thread is done: tearDown Thread Group 1-4
2023-06-26 10:49:23,668 INFO o.a.j.t.JMeterThread: Thread finished: tearDown Thread Group 1-4
2023-06-26 10:49:23,842 INFO o.a.j.t.JMeterThread: Thread started: tearDown Thread Group 1-6
2023-06-26 10:49:23,857 INFO o.a.j.t.JMeterThread: Thread is done: tearDown Thread Group 1-5
2023-06-26 10:49:23,857 INFO o.a.j.t.JMeterThread: Thread finished: tearDown Thread Group 1-5
2023-06-26 10:49:24,042 INFO o.a.j.t.JMeterThread: Thread started: tearDown Thread Group 1-7
2023-06-26 10:49:24,095 INFO o.a.j.t.JMeterThread: Thread is done: tearDown Thread Group 1-6
2023-06-26 10:49:24,095 INFO o.a.j.t.JMeterThread: Thread finished: tearDown Thread Group 1-6
2023-06-26 10:49:24,241 INFO o.a.j.t.JMeterThread: Thread started: tearDown Thread Group 1-8
2023-06-26 10:49:24,249 INFO o.a.j.t.JMeterThread: Thread is done: tearDown Thread Group 1-7
2023-06-26 10:49:24,249 INFO o.a.j.t.JMeterThread: Thread finished: tearDown Thread Group 1-7
2023-06-26 10:49:24,442 INFO o.a.j.t.JMeterThread: Thread started: tearDown Thread Group 1-9
2023-06-26 10:49:24,541 INFO o.a.j.t.JMeterThread: Thread is done: tearDown Thread Group 1-8
2023-06-26 10:49:24,541 INFO o.a.j.t.JMeterThread: Thread finished: tearDown Thread Group 1-8
2023-06-26 10:49:24,642 INFO o.a.j.t.JMeterThread: Thread started: tearDown Thread Group 1-10
2023-06-26 10:49:24,681 INFO o.a.j.t.JMeterThread: Thread is done: tearDown Thread Group 1-9
2023-06-26 10:49:24,681 INFO o.a.j.t.JMeterThread: Thread finished: tearDown Thread Group 1-9
2023-06-26 10:49:24,863 INFO o.a.j.t.JMeterThread: Thread is done: tearDown Thread Group 1-10
2023-06-26 10:49:24,863 INFO o.a.j.t.JMeterThread: Thread finished: tearDown Thread Group 1-10
2023-06-26 10:49:24,863 INFO o.a.j.e.StandardJMeterEngine: Notifying test listeners of end of test
2023-06-26 10:49:24,864 INFO o.a.j.s.FileServer: Close: C:/Users/Klaus Bertsch/Documents/GitHub/verteile-systeme-webshop/apache-jmeter-5.5/bin/testplan/testdata/categories.csv
2023-06-26 10:49:24,864 INFO o.a.j.s.FileServer: Close: C:/Users/Klaus Bertsch/Documents/GitHub/verteile-systeme-webshop/apache-jmeter-5.5/bin/testplan/testdata/categoryIds.csv
2023-06-26 10:49:24,864 INFO o.a.j.s.FileServer: Close: C:/Users/Klaus Bertsch/Documents/GitHub/verteile-systeme-webshop/apache-jmeter-5.5/bin/testplan/testdata/testproducts.csv
2023-06-26 10:49:24,864 INFO o.a.j.s.FileServer: Close: C:/Users/Klaus Bertsch/Documents/GitHub/verteile-systeme-webshop/apache-jmeter-5.5/bin/testplan/testdata/productIds.csv
2023-06-26 10:49:24,864 INFO o.a.j.g.u.JMeterMenuBar: setRunning(false, *local*)
2023-06-26 10:51:34,681 INFO o.a.j.e.StandardJMeterEngine: Running the test!
2023-06-26 10:51:34,681 INFO o.a.j.s.SampleEvent: List of sample_variables: []
2023-06-26 10:51:34,682 INFO o.a.j.g.u.JMeterMenuBar: setRunning(true, *local*)
2023-06-26 10:51:34,729 INFO o.a.j.e.StandardJMeterEngine: Starting ThreadGroup: 1 : Thread Group
2023-06-26 10:51:34,729 INFO o.a.j.e.StandardJMeterEngine: Starting 10 threads for group Thread Group.
2023-06-26 10:51:34,729 INFO o.a.j.e.StandardJMeterEngine: Thread will continue on error
2023-06-26 10:51:34,729 INFO o.a.j.t.ThreadGroup: Starting thread group... number=1 threads=10 ramp-up=2 delayedStart=false
2023-06-26 10:51:34,730 INFO o.a.j.t.JMeterThread: Thread started: Thread Group 1-1
2023-06-26 10:51:34,730 INFO o.a.j.s.FileServer: Stored: C:/Users/Klaus Bertsch/Documents/GitHub/verteile-systeme-webshop/apache-jmeter-5.5/bin/testplan/testdata/categories.csv
2023-06-26 10:51:34,731 INFO o.a.j.t.ThreadGroup: Started thread group number 1
2023-06-26 10:51:34,731 INFO o.a.j.e.StandardJMeterEngine: Waiting for thread group: Thread Group to finish before starting next group
2023-06-26 10:51:34,808 INFO o.a.j.t.JMeterThread: Thread is done: Thread Group 1-1
2023-06-26 10:51:34,808 INFO o.a.j.t.JMeterThread: Thread finished: Thread Group 1-1
2023-06-26 10:51:34,943 INFO o.a.j.t.JMeterThread: Thread started: Thread Group 1-2
2023-06-26 10:51:35,036 INFO o.a.j.t.JMeterThread: Thread is done: Thread Group 1-2
2023-06-26 10:51:35,036 INFO o.a.j.t.JMeterThread: Thread finished: Thread Group 1-2
2023-06-26 10:51:35,134 INFO o.a.j.t.JMeterThread: Thread started: Thread Group 1-3
2023-06-26 10:51:35,238 INFO o.a.j.t.JMeterThread: Thread is done: Thread Group 1-3
2023-06-26 10:51:35,238 INFO o.a.j.t.JMeterThread: Thread finished: Thread Group 1-3
2023-06-26 10:51:35,330 INFO o.a.j.t.JMeterThread: Thread started: Thread Group 1-4
2023-06-26 10:51:35,405 INFO o.a.j.t.JMeterThread: Thread is done: Thread Group 1-4
2023-06-26 10:51:35,405 INFO o.a.j.t.JMeterThread: Thread finished: Thread Group 1-4
2023-06-26 10:51:35,530 INFO o.a.j.t.JMeterThread: Thread started: Thread Group 1-5
2023-06-26 10:51:35,601 INFO o.a.j.t.JMeterThread: Thread is done: Thread Group 1-5
2023-06-26 10:51:35,601 INFO o.a.j.t.JMeterThread: Thread finished: Thread Group 1-5
2023-06-26 10:51:35,731 INFO o.a.j.t.JMeterThread: Thread started: Thread Group 1-6
2023-06-26 10:51:35,816 INFO o.a.j.t.JMeterThread: Thread is done: Thread Group 1-6
2023-06-26 10:51:35,816 INFO o.a.j.t.JMeterThread: Thread finished: Thread Group 1-6
2023-06-26 10:51:35,930 INFO o.a.j.t.JMeterThread: Thread started: Thread Group 1-7
2023-06-26 10:51:36,010 INFO o.a.j.t.JMeterThread: Thread is done: Thread Group 1-7
2023-06-26 10:51:36,010 INFO o.a.j.t.JMeterThread: Thread finished: Thread Group 1-7
2023-06-26 10:51:36,131 INFO o.a.j.t.JMeterThread: Thread started: Thread Group 1-8
2023-06-26 10:51:36,253 INFO o.a.j.t.JMeterThread: Thread is done: Thread Group 1-8
2023-06-26 10:51:36,253 INFO o.a.j.t.JMeterThread: Thread finished: Thread Group 1-8
2023-06-26 10:51:36,329 INFO o.a.j.t.JMeterThread: Thread started: Thread Group 1-9
2023-06-26 10:51:36,414 INFO o.a.j.t.JMeterThread: Thread is done: Thread Group 1-9
2023-06-26 10:51:36,414 INFO o.a.j.t.JMeterThread: Thread finished: Thread Group 1-9
2023-06-26 10:51:36,529 INFO o.a.j.t.JMeterThread: Thread started: Thread Group 1-10
2023-06-26 10:51:36,606 INFO o.a.j.t.JMeterThread: Thread is done: Thread Group 1-10
2023-06-26 10:51:36,606 INFO o.a.j.t.JMeterThread: Thread finished: Thread Group 1-10
2023-06-26 10:51:36,606 INFO o.a.j.e.StandardJMeterEngine: Starting ThreadGroup: 2 : Thread Group
2023-06-26 10:51:36,606 INFO o.a.j.e.StandardJMeterEngine: Starting 10 threads for group Thread Group.
2023-06-26 10:51:36,606 INFO o.a.j.e.StandardJMeterEngine: Thread will continue on error
2023-06-26 10:51:36,606 INFO o.a.j.t.ThreadGroup: Starting thread group... number=2 threads=10 ramp-up=2 delayedStart=false
2023-06-26 10:51:36,608 INFO o.a.j.t.ThreadGroup: Started thread group number 2
2023-06-26 10:51:36,608 INFO o.a.j.e.StandardJMeterEngine: Waiting for thread group: Thread Group to finish before starting next group
2023-06-26 10:51:36,610 INFO o.a.j.t.JMeterThread: Thread started: Thread Group 2-1
2023-06-26 10:51:36,611 INFO o.a.j.s.FileServer: Stored: C:/Users/Klaus Bertsch/Documents/GitHub/verteile-systeme-webshop/apache-jmeter-5.5/bin/testplan/testdata/testproducts.csv
2023-06-26 10:51:36,761 INFO o.a.j.t.JMeterThread: Thread is done: Thread Group 2-1
2023-06-26 10:51:36,761 INFO o.a.j.t.JMeterThread: Thread finished: Thread Group 2-1
2023-06-26 10:51:36,809 INFO o.a.j.t.JMeterThread: Thread started: Thread Group 2-2
2023-06-26 10:51:36,927 INFO o.a.j.t.JMeterThread: Thread is done: Thread Group 2-2
2023-06-26 10:51:36,927 INFO o.a.j.t.JMeterThread: Thread finished: Thread Group 2-2
2023-06-26 10:51:37,010 INFO o.a.j.t.JMeterThread: Thread started: Thread Group 2-3
2023-06-26 10:51:37,140 INFO o.a.j.t.JMeterThread: Thread is done: Thread Group 2-3
2023-06-26 10:51:37,140 INFO o.a.j.t.JMeterThread: Thread finished: Thread Group 2-3
2023-06-26 10:51:37,209 INFO o.a.j.t.JMeterThread: Thread started: Thread Group 2-4
2023-06-26 10:51:37,338 INFO o.a.j.t.JMeterThread: Thread is done: Thread Group 2-4
2023-06-26 10:51:37,338 INFO o.a.j.t.JMeterThread: Thread finished: Thread Group 2-4
2023-06-26 10:51:37,410 INFO o.a.j.t.JMeterThread: Thread started: Thread Group 2-5
2023-06-26 10:51:37,516 INFO o.a.j.t.JMeterThread: Thread is done: Thread Group 2-5
2023-06-26 10:51:37,516 INFO o.a.j.t.JMeterThread: Thread finished: Thread Group 2-5
2023-06-26 10:51:37,612 INFO o.a.j.t.JMeterThread: Thread started: Thread Group 2-6
2023-06-26 10:51:37,739 INFO o.a.j.t.JMeterThread: Thread is done: Thread Group 2-6
2023-06-26 10:51:37,739 INFO o.a.j.t.JMeterThread: Thread finished: Thread Group 2-6
2023-06-26 10:51:37,811 INFO o.a.j.t.JMeterThread: Thread started: Thread Group 2-7
2023-06-26 10:51:37,919 INFO o.a.j.t.JMeterThread: Thread is done: Thread Group 2-7
2023-06-26 10:51:37,919 INFO o.a.j.t.JMeterThread: Thread finished: Thread Group 2-7
2023-06-26 10:51:38,011 INFO o.a.j.t.JMeterThread: Thread started: Thread Group 2-8
2023-06-26 10:51:38,147 INFO o.a.j.t.JMeterThread: Thread is done: Thread Group 2-8
2023-06-26 10:51:38,147 INFO o.a.j.t.JMeterThread: Thread finished: Thread Group 2-8
2023-06-26 10:51:38,211 INFO o.a.j.t.JMeterThread: Thread started: Thread Group 2-9
2023-06-26 10:51:38,325 INFO o.a.j.t.JMeterThread: Thread is done: Thread Group 2-9
2023-06-26 10:51:38,325 INFO o.a.j.t.JMeterThread: Thread finished: Thread Group 2-9
2023-06-26 10:51:38,410 INFO o.a.j.t.JMeterThread: Thread started: Thread Group 2-10
2023-06-26 10:51:38,529 INFO o.a.j.t.JMeterThread: Thread is done: Thread Group 2-10
2023-06-26 10:51:38,529 INFO o.a.j.t.JMeterThread: Thread finished: Thread Group 2-10
2023-06-26 10:51:38,530 INFO o.a.j.e.StandardJMeterEngine: All thread groups have been started
2023-06-26 10:51:38,530 INFO o.a.j.e.StandardJMeterEngine: Starting tearDown thread groups
2023-06-26 10:51:38,530 INFO o.a.j.e.StandardJMeterEngine: Starting tearDown ThreadGroup: 1 : tearDown Thread Group
2023-06-26 10:51:38,530 INFO o.a.j.e.StandardJMeterEngine: Starting 10 threads for group tearDown Thread Group.
2023-06-26 10:51:38,530 INFO o.a.j.e.StandardJMeterEngine: Thread will continue on error
2023-06-26 10:51:38,530 INFO o.a.j.t.ThreadGroup: Starting thread group... number=1 threads=10 ramp-up=2 delayedStart=false
2023-06-26 10:51:38,531 INFO o.a.j.t.JMeterThread: Thread started: tearDown Thread Group 1-1
2023-06-26 10:51:38,532 INFO o.a.j.s.FileServer: Stored: C:/Users/Klaus Bertsch/Documents/GitHub/verteile-systeme-webshop/apache-jmeter-5.5/bin/testplan/testdata/productIds.csv
2023-06-26 10:51:38,533 INFO o.a.j.t.ThreadGroup: Started thread group number 1
2023-06-26 10:51:38,533 INFO o.a.j.s.FileServer: Stored: C:/Users/Klaus Bertsch/Documents/GitHub/verteile-systeme-webshop/apache-jmeter-5.5/bin/testplan/testdata/categoryIds.csv
2023-06-26 10:51:38,732 INFO o.a.j.t.JMeterThread: Thread started: tearDown Thread Group 1-2
2023-06-26 10:51:38,755 INFO o.a.j.t.JMeterThread: Thread is done: tearDown Thread Group 1-1
2023-06-26 10:51:38,756 INFO o.a.j.t.JMeterThread: Thread finished: tearDown Thread Group 1-1
2023-06-26 10:51:38,931 INFO o.a.j.t.JMeterThread: Thread is done: tearDown Thread Group 1-2
2023-06-26 10:51:38,931 INFO o.a.j.t.JMeterThread: Thread finished: tearDown Thread Group 1-2
2023-06-26 10:51:38,931 INFO o.a.j.t.JMeterThread: Thread started: tearDown Thread Group 1-3
2023-06-26 10:51:39,121 INFO o.a.j.t.JMeterThread: Thread is done: tearDown Thread Group 1-3
2023-06-26 10:51:39,121 INFO o.a.j.t.JMeterThread: Thread finished: tearDown Thread Group 1-3
2023-06-26 10:51:39,133 INFO o.a.j.t.JMeterThread: Thread started: tearDown Thread Group 1-4
2023-06-26 10:51:39,334 INFO o.a.j.t.JMeterThread: Thread started: tearDown Thread Group 1-5
2023-06-26 10:51:39,352 INFO o.a.j.t.JMeterThread: Thread is done: tearDown Thread Group 1-4
2023-06-26 10:51:39,352 INFO o.a.j.t.JMeterThread: Thread finished: tearDown Thread Group 1-4
2023-06-26 10:51:39,526 INFO o.a.j.t.JMeterThread: Thread is done: tearDown Thread Group 1-5
2023-06-26 10:51:39,526 INFO o.a.j.t.JMeterThread: Thread finished: tearDown Thread Group 1-5
2023-06-26 10:51:39,533 INFO o.a.j.t.JMeterThread: Thread started: tearDown Thread Group 1-6
2023-06-26 10:51:39,733 INFO o.a.j.t.JMeterThread: Thread started: tearDown Thread Group 1-7
2023-06-26 10:51:39,753 INFO o.a.j.t.JMeterThread: Thread is done: tearDown Thread Group 1-6
2023-06-26 10:51:39,753 INFO o.a.j.t.JMeterThread: Thread finished: tearDown Thread Group 1-6
2023-06-26 10:51:39,922 INFO o.a.j.t.JMeterThread: Thread is done: tearDown Thread Group 1-7
2023-06-26 10:51:39,932 INFO o.a.j.t.JMeterThread: Thread started: tearDown Thread Group 1-8
2023-06-26 10:51:39,950 INFO o.a.j.t.JMeterThread: Thread finished: tearDown Thread Group 1-7
2023-06-26 10:51:40,129 INFO o.a.j.t.JMeterThread: Thread is done: tearDown Thread Group 1-8
2023-06-26 10:51:40,129 INFO o.a.j.t.JMeterThread: Thread finished: tearDown Thread Group 1-8
2023-06-26 10:51:40,132 INFO o.a.j.t.JMeterThread: Thread started: tearDown Thread Group 1-9
2023-06-26 10:51:40,331 INFO o.a.j.t.JMeterThread: Thread started: tearDown Thread Group 1-10
2023-06-26 10:51:40,350 INFO o.a.j.t.JMeterThread: Thread is done: tearDown Thread Group 1-9
2023-06-26 10:51:40,350 INFO o.a.j.t.JMeterThread: Thread finished: tearDown Thread Group 1-9
2023-06-26 10:51:40,516 INFO o.a.j.t.JMeterThread: Thread is done: tearDown Thread Group 1-10
2023-06-26 10:51:40,516 INFO o.a.j.t.JMeterThread: Thread finished: tearDown Thread Group 1-10
2023-06-26 10:51:40,517 INFO o.a.j.e.StandardJMeterEngine: Notifying test listeners of end of test
2023-06-26 10:51:40,517 INFO o.a.j.s.FileServer: Close: C:/Users/Klaus Bertsch/Documents/GitHub/verteile-systeme-webshop/apache-jmeter-5.5/bin/testplan/testdata/categories.csv
2023-06-26 10:51:40,517 INFO o.a.j.s.FileServer: Close: C:/Users/Klaus Bertsch/Documents/GitHub/verteile-systeme-webshop/apache-jmeter-5.5/bin/testplan/testdata/categoryIds.csv
2023-06-26 10:51:40,517 INFO o.a.j.s.FileServer: Close: C:/Users/Klaus Bertsch/Documents/GitHub/verteile-systeme-webshop/apache-jmeter-5.5/bin/testplan/testdata/testproducts.csv
2023-06-26 10:51:40,517 INFO o.a.j.s.FileServer: Close: C:/Users/Klaus Bertsch/Documents/GitHub/verteile-systeme-webshop/apache-jmeter-5.5/bin/testplan/testdata/productIds.csv
2023-06-26 10:51:40,517 INFO o.a.j.g.u.JMeterMenuBar: setRunning(false, *local*)
